2026-05-25 12:38:51,217 : INFO : root : Loading config.
2026-05-25 12:38:51,905 : INFO : ConfigProcessor : Config spec file cache created: /tmp/config_spec.mpf_cache
2026-05-25 12:38:51,905 : INFO : YamlMultifileConfigLoader : Machine config file #1: config.yaml
2026-05-25 12:38:51,905 : INFO : ConfigProcessor : Loading config from file /home/nicoflip/mpfenv/lib/python3.13/site-packages/mpf/mpfconfig.yaml.
2026-05-25 12:38:52,045 : INFO : ConfigProcessor : Loading config: /home/nicoflip/mpfenv/lib/python3.13/site-packages/mpf/mpfconfig.yaml
2026-05-25 12:38:52,046 : INFO : ConfigProcessor : Loading config from file /home/nicoflip/mpfmachines/BananaFlex3000/config/config.yaml.
2026-05-25 12:38:52,069 : INFO : ConfigProcessor : Loading config: /home/nicoflip/mpfmachines/BananaFlex3000/config/config.yaml
2026-05-25 12:38:52,118 : INFO : ConfigProcessor : Loading config: /home/nicoflip/mpfmachines/BananaFlex3000/config/hardware.yaml
2026-05-25 12:38:52,123 : INFO : ConfigProcessor : Config file cache created: /tmp/44f1b0dc91eeb57b51911662a28c9d8a.mpf_cache
2026-05-25 12:38:52,401 : INFO : ConfigProcessor : Loading config from file /home/nicoflip/mpfenv/lib/python3.13/site-packages/mpf/modes/attract/config/attract.yaml.
2026-05-25 12:38:52,404 : INFO : ConfigProcessor : Loading config: /home/nicoflip/mpfenv/lib/python3.13/site-packages/mpf/modes/attract/config/attract.yaml
2026-05-25 12:38:52,413 : INFO : ConfigProcessor : Loading config from file /home/nicoflip/mpfmachines/BananaFlex3000/modes/attract/config/attract.yaml.
2026-05-25 12:38:52,428 : INFO : ConfigProcessor : Loading config: /home/nicoflip/mpfmachines/BananaFlex3000/modes/attract/config/attract.yaml
2026-05-25 12:38:52,428 : INFO : ConfigProcessor : Config file cache created: /tmp/e173a876eb0411681cb234adb8352026.mpf_cache
2026-05-25 12:38:52,431 : INFO : ConfigProcessor : Loading config from file /home/nicoflip/mpfenv/lib/python3.13/site-packages/mpf/modes/game/config/game.yaml.
2026-05-25 12:38:52,439 : INFO : ConfigProcessor : Loading config: /home/nicoflip/mpfenv/lib/python3.13/site-packages/mpf/modes/game/config/game.yaml
2026-05-25 12:38:52,440 : INFO : ConfigProcessor : Config file cache created: /tmp/61d40113fe8eb80f312dd8ea6c33786b.mpf_cache
2026-05-25 12:38:52,444 : INFO : ConfigProcessor : Loading config from cache: /tmp/e173a876eb0411681cb234adb8352026.mpf_cache
2026-05-25 12:38:52,444 : INFO : ConfigProcessor : Loading config from file /home/nicoflip/mpfmachines/BananaFlex3000/modes/base/config/base.yaml.
2026-05-25 12:38:52,450 : INFO : ConfigProcessor : Loading config: /home/nicoflip/mpfmachines/BananaFlex3000/modes/base/config/base.yaml
2026-05-25 12:38:52,451 : INFO : ConfigProcessor : Config file cache created: /tmp/eb6480750171aa91066b95eccc2ff6a0.mpf_cache
2026-05-25 12:38:52,452 : INFO : Machine : Mission Pinball Framework Core Engine v0.80.0.dev12
2026-05-25 12:38:52,452 : INFO : Machine : Command line arguments: {'no_load_cache': False, 'create_config_cache': True, 'bcp': True, 'configfile': ['config.yaml'], 'force_assets_load': False, 'platform_integration_test': False, 'jsonlogging': False, 'logfile': 'logs/2026-05-25-12-38-51-mpf-VMMPF.log', 'pause': False, 'production': False, 'text_ui': False, 'loglevel': 15, 'consoleloglevel': 20, 'force_platform': 'virtual', 'syslog_address': None, 'full_logfile_path': '/home/nicoflip/mpfmachines/BananaFlex3000/logs/2026-05-25-12-38-51-mpf-VMMPF.log'}
2026-05-25 12:38:52,452 : INFO : Machine : MPF path: /home/nicoflip/mpfenv/lib/python3.13/site-packages/mpf
2026-05-25 12:38:52,452 : INFO : Machine : Machine path: /home/nicoflip/mpfmachines/BananaFlex3000
2026-05-25 12:38:52,452 : INFO : Machine : Platform: linux
2026-05-25 12:38:52,452 : INFO : Machine : Python executable location: /home/nicoflip/mpfenv/bin/python3
2026-05-25 12:38:52,452 : INFO : Machine : Python version: 3.13.5 (64-bit)
2026-05-25 12:38:52,455 : INFO : Machine : Initializing MPF...
2026-05-25 12:38:52,689 : INFO : EventManager : Event: ======'machine_var_credits_string'====== Args={'value': 'FREE PLAY', 'prev_value': None, 'change': True}
2026-05-25 12:38:52,776 : INFO : EventManager : Event: ======'machine_var_master_volume'====== Args={'value': 0.5, 'prev_value': None, 'change': True}
2026-05-25 12:38:52,776 : INFO : EventManager : Event: ======'machine_var_player1_score'====== Args={'value': 0, 'prev_value': None, 'change': True}
2026-05-25 12:38:52,776 : INFO : EventManager : Event: ======'machine_var_mpf_version'====== Args={'value': 'Mission Pinball Framework v0.80.0.dev12', 'prev_value': None, 'change': True}
2026-05-25 12:38:52,776 : INFO : EventManager : Event: ======'machine_var_mpf_extended_version'====== Args={'value': 'Mission Pinball Framework v0.80.0.dev12, Config version:6, Show version: 6, BCP version:1.1', 'prev_value': None, 'change': True}
2026-05-25 12:38:52,776 : INFO : EventManager : Event: ======'machine_var_python_version'====== Args={'value': '3.13.5', 'prev_value': None, 'change': True}
2026-05-25 12:38:52,782 : INFO : EventManager : Event: ======'machine_var_platform'====== Args={'value': 'Linux-6.12.73+deb13-amd64-x86_64-with-glibc2.41', 'prev_value': None, 'change': True}
2026-05-25 12:38:52,782 : INFO : EventManager : Event: ======'machine_var_platform_system'====== Args={'value': 'Linux', 'prev_value': None, 'change': True}
2026-05-25 12:38:52,784 : INFO : EventManager : Event: ======'machine_var_platform_release'====== Args={'value': '6.12.73+deb13-amd64', 'prev_value': None, 'change': True}
2026-05-25 12:38:52,784 : INFO : EventManager : Event: ======'machine_var_platform_version'====== Args={'value': '#1 SMP PREEMPT_DYNAMIC Debian 6.12.73-1 (2026-02-17)', 'prev_value': None, 'change': True}
2026-05-25 12:38:52,784 : INFO : EventManager : Event: ======'machine_var_platform_machine'====== Args={'value': 'x86_64', 'prev_value': None, 'change': True}
2026-05-25 12:38:52,784 : INFO : EventManager : Event: ======'machine_var_log_file_path'====== Args={'value': '/home/nicoflip/mpfmachines/BananaFlex3000/logs/2026-05-25-12-38-51-mpf-VMMPF.log', 'prev_value': None, 'change': True}
2026-05-25 12:38:52,784 : INFO : EventManager : Event: ======'init_phase_1'====== Args={}
2026-05-25 12:38:52,848 : INFO : EventManager : Event: ======'init_phase_2'====== Args={}
2026-05-25 12:38:52,851 : INFO : EventManager : Event: ======'bcp_connection_attempt'====== Args={'name': 'local_display', 'host': 'localhost', 'port': 5050}
2026-05-25 12:38:52,855 : INFO : BCPClientSocket : Connecting BCP to 'local_display' at localhost:5050...
2026-05-25 12:38:52,869 : INFO : BCPClientSocket : Connected BCP to 'local_display' localhost:5050
2026-05-25 12:38:52,872 : INFO : EventManager : Event: ======'bcp_clients_connected'====== Args={}
2026-05-25 12:38:52,872 : INFO : ball_device.bd_trough : BCH: Initial count: 0
2026-05-25 12:38:52,874 : INFO : ball_device.bd_trough : State: idle
2026-05-25 12:38:52,939 : INFO : EventManager : Event: ======'init_phase_3'====== Args={}
2026-05-25 12:38:52,941 : INFO : EventManager : Event: ======'init_phase_4'====== Args={}
2026-05-25 12:38:52,941 : INFO : BallController : Initial balls found: 0
2026-05-25 12:38:52,944 : INFO : EventManager : Event: ======'machine_var_audits_events_game_ended'====== Args={'value': 26, 'prev_value': None, 'change': True}
2026-05-25 12:38:52,948 : INFO : EventManager : Event: ======'machine_var_audits_events_game_started'====== Args={'value': 209, 'prev_value': None, 'change': True}
2026-05-25 12:38:52,948 : INFO : EventManager : Event: ======'machine_var_audits_missing_switches_s_1_target'====== Args={'value': 4, 'prev_value': None, 'change': True}
2026-05-25 12:38:52,948 : INFO : EventManager : Event: ======'machine_var_audits_missing_switches_s_2_target'====== Args={'value': 3, 'prev_value': None, 'change': True}
2026-05-25 12:38:52,948 : INFO : EventManager : Event: ======'machine_var_audits_missing_switches_s_3_target'====== Args={'value': 3, 'prev_value': None, 'change': True}
2026-05-25 12:38:52,948 : INFO : EventManager : Event: ======'machine_var_audits_missing_switches_s_4_target'====== Args={'value': 3, 'prev_value': None, 'change': True}
2026-05-25 12:38:52,948 : INFO : EventManager : Event: ======'machine_var_audits_missing_switches_s_a_drop_target'====== Args={'value': 143, 'prev_value': None, 'change': True}
2026-05-25 12:38:52,948 : INFO : EventManager : Event: ======'machine_var_audits_missing_switches_s_a_rollover'====== Args={'value': 1, 'prev_value': None, 'change': True}
2026-05-25 12:38:52,948 : INFO : EventManager : Event: ======'machine_var_audits_missing_switches_s_bottom_bumper'====== Args={'value': 4, 'prev_value': None, 'change': True}
2026-05-25 12:38:52,948 : INFO : EventManager : Event: ======'machine_var_audits_missing_switches_s_bottom_bumper_spe'====== Args={'value': 4, 'prev_value': None, 'change': True}
2026-05-25 12:38:52,948 : INFO : EventManager : Event: ======'machine_var_audits_missing_switches_s_c_rollover'====== Args={'value': 1, 'prev_value': None, 'change': True}
2026-05-25 12:38:52,948 : INFO : EventManager : Event: ======'machine_var_audits_missing_switches_s_d_rollover'====== Args={'value': 4, 'prev_value': None, 'change': True}
2026-05-25 12:38:52,948 : INFO : EventManager : Event: ======'machine_var_audits_missing_switches_s_e_rollover'====== Args={'value': 122, 'prev_value': None, 'change': True}
2026-05-25 12:38:52,948 : INFO : EventManager : Event: ======'machine_var_audits_missing_switches_s_eject_hole'====== Args={'value': 4, 'prev_value': None, 'change': True}
2026-05-25 12:38:52,948 : INFO : EventManager : Event: ======'machine_var_audits_missing_switches_s_g2_drop_target'====== Args={'value': 143, 'prev_value': None, 'change': True}
2026-05-25 12:38:52,948 : INFO : EventManager : Event: ======'machine_var_audits_missing_switches_s_g_drop_target'====== Args={'value': 143, 'prev_value': None, 'change': True}
2026-05-25 12:38:52,948 : INFO : EventManager : Event: ======'machine_var_audits_missing_switches_s_gar_drop_targets_series'====== Args={'value': 2, 'prev_value': None, 'change': True}
2026-05-25 12:38:52,948 : INFO : EventManager : Event: ======'machine_var_audits_missing_switches_s_gar_drop_targets_standup'====== Args={'value': 5, 'prev_value': None, 'change': True}
2026-05-25 12:38:52,949 : INFO : EventManager : Event: ======'machine_var_audits_missing_switches_s_gor_drop_target_Standup'====== Args={'value': 76, 'prev_value': None, 'change': True}
2026-05-25 12:38:52,949 : INFO : EventManager : Event: ======'machine_var_audits_missing_switches_s_gor_drop_targets_series'====== Args={'value': 143, 'prev_value': None, 'change': True}
2026-05-25 12:38:52,949 : INFO : EventManager : Event: ======'machine_var_audits_missing_switches_s_left_bumper'====== Args={'value': 2, 'prev_value': None, 'change': True}
2026-05-25 12:38:52,949 : INFO : EventManager : Event: ======'machine_var_audits_missing_switches_s_left_bumper_spe'====== Args={'value': 4, 'prev_value': None, 'change': True}
2026-05-25 12:38:52,949 : INFO : EventManager : Event: ======'machine_var_audits_missing_switches_s_left_kicker'====== Args={'value': 2, 'prev_value': None, 'change': True}
2026-05-25 12:38:52,949 : INFO : EventManager : Event: ======'machine_var_audits_missing_switches_s_left_outlane'====== Args={'value': 134, 'prev_value': None, 'change': True}
2026-05-25 12:38:52,949 : INFO : EventManager : Event: ======'machine_var_audits_missing_switches_s_left_sling_spe'====== Args={'value': 4, 'prev_value': None, 'change': True}
2026-05-25 12:38:52,949 : INFO : EventManager : Event: ======'machine_var_audits_missing_switches_s_lower_left_standup'====== Args={'value': 143, 'prev_value': None, 'change': True}
2026-05-25 12:38:52,949 : INFO : EventManager : Event: ======'machine_var_audits_missing_switches_s_magnet_switch'====== Args={'value': 4, 'prev_value': None, 'change': True}
2026-05-25 12:38:52,949 : INFO : EventManager : Event: ======'machine_var_audits_missing_switches_s_middle_left_standup'====== Args={'value': 143, 'prev_value': None, 'change': True}
2026-05-25 12:38:52,949 : INFO : EventManager : Event: ======'machine_var_audits_missing_switches_s_middle_lower_standup'====== Args={'value': 4, 'prev_value': None, 'change': True}
2026-05-25 12:38:52,949 : INFO : EventManager : Event: ======'machine_var_audits_missing_switches_s_middle_upper_standup'====== Args={'value': 143, 'prev_value': None, 'change': True}
2026-05-25 12:38:52,949 : INFO : EventManager : Event: ======'machine_var_audits_missing_switches_s_o_drop_target'====== Args={'value': 143, 'prev_value': None, 'change': True}
2026-05-25 12:38:52,949 : INFO : EventManager : Event: ======'machine_var_audits_missing_switches_s_outhole'====== Args={'value': 1, 'prev_value': None, 'change': True}
2026-05-25 12:38:52,949 : INFO : EventManager : Event: ======'machine_var_audits_missing_switches_s_playfield_tilt'====== Args={'value': 143, 'prev_value': None, 'change': True}
2026-05-25 12:38:52,949 : INFO : EventManager : Event: ======'machine_var_audits_missing_switches_s_r2_drop_target'====== Args={'value': 143, 'prev_value': None, 'change': True}
2026-05-25 12:38:52,949 : INFO : EventManager : Event: ======'machine_var_audits_missing_switches_s_r_drop_target'====== Args={'value': 143, 'prev_value': None, 'change': True}
2026-05-25 12:38:52,949 : INFO : EventManager : Event: ======'machine_var_audits_missing_switches_s_right_bumper_spe'====== Args={'value': 4, 'prev_value': None, 'change': True}
2026-05-25 12:38:52,949 : INFO : EventManager : Event: ======'machine_var_audits_missing_switches_s_right_kicker'====== Args={'value': 2, 'prev_value': None, 'change': True}
2026-05-25 12:38:52,949 : INFO : EventManager : Event: ======'machine_var_audits_missing_switches_s_right_outlane'====== Args={'value': 122, 'prev_value': None, 'change': True}
2026-05-25 12:38:52,949 : INFO : EventManager : Event: ======'machine_var_audits_missing_switches_s_right_sling_spe'====== Args={'value': 4, 'prev_value': None, 'change': True}
2026-05-25 12:38:52,949 : INFO : EventManager : Event: ======'machine_var_audits_missing_switches_s_spinner'====== Args={'value': 143, 'prev_value': None, 'change': True}
2026-05-25 12:38:52,949 : INFO : EventManager : Event: ======'machine_var_audits_missing_switches_s_startButton'====== Args={'value': 1, 'prev_value': None, 'change': True}
2026-05-25 12:38:52,949 : INFO : EventManager : Event: ======'machine_var_audits_missing_switches_s_top_bumper'====== Args={'value': 4, 'prev_value': None, 'change': True}
2026-05-25 12:38:52,949 : INFO : EventManager : Event: ======'machine_var_audits_missing_switches_s_upper_left_standup'====== Args={'value': 143, 'prev_value': None, 'change': True}
2026-05-25 12:38:52,949 : INFO : EventManager : Event: ======'machine_var_audits_player_score'====== Args={'value': {'average': 62250, 'top': [613000, 267000, 235000, 137000, 84000, 70000, 65000, 62000, 61000, 52000], 'total': 31}, 'prev_value': None, 'change': True}
2026-05-25 12:38:52,949 : INFO : EventManager : Event: ======'machine_var_audits_shots_a_lane'====== Args={'value': 219, 'prev_value': None, 'change': True}
2026-05-25 12:38:52,950 : INFO : EventManager : Event: ======'machine_var_audits_shots_b_lane'====== Args={'value': 267, 'prev_value': None, 'change': True}
2026-05-25 12:38:52,950 : INFO : EventManager : Event: ======'machine_var_audits_shots_bumper_bottom'====== Args={'value': 77, 'prev_value': None, 'change': True}
2026-05-25 12:38:52,950 : INFO : EventManager : Event: ======'machine_var_audits_shots_bumper_left'====== Args={'value': 84, 'prev_value': None, 'change': True}
2026-05-25 12:38:52,950 : INFO : EventManager : Event: ======'machine_var_audits_shots_bumper_top'====== Args={'value': 53, 'prev_value': None, 'change': True}
2026-05-25 12:38:52,952 : INFO : EventManager : Event: ======'machine_var_audits_shots_c_lane'====== Args={'value': 192, 'prev_value': None, 'change': True}
2026-05-25 12:38:52,952 : INFO : EventManager : Event: ======'machine_var_audits_shots_hurryup_OK'====== Args={'value': 7, 'prev_value': None, 'change': True}
2026-05-25 12:38:52,952 : INFO : EventManager : Event: ======'machine_var_audits_shots_left_lane'====== Args={'value': 68, 'prev_value': None, 'change': True}
2026-05-25 12:38:52,952 : INFO : EventManager : Event: ======'machine_var_audits_shots_topRollover2_skillshot'====== Args={'value': 6, 'prev_value': None, 'change': True}
2026-05-25 12:38:52,952 : INFO : EventManager : Event: ======'machine_var_audits_shots_topRollover3_skillshot'====== Args={'value': 8, 'prev_value': None, 'change': True}
2026-05-25 12:38:52,952 : INFO : EventManager : Event: ======'machine_var_audits_switches_s_1_target'====== Args={'value': 8, 'prev_value': None, 'change': True}
2026-05-25 12:38:52,952 : INFO : EventManager : Event: ======'machine_var_audits_switches_s_2_target'====== Args={'value': 93, 'prev_value': None, 'change': True}
2026-05-25 12:38:52,952 : INFO : EventManager : Event: ======'machine_var_audits_switches_s_3_target'====== Args={'value': 93, 'prev_value': None, 'change': True}
2026-05-25 12:38:52,953 : INFO : EventManager : Event: ======'machine_var_audits_switches_s_4_target'====== Args={'value': 74, 'prev_value': None, 'change': True}
2026-05-25 12:38:52,953 : INFO : EventManager : Event: ======'machine_var_audits_switches_s_a_drop_target'====== Args={'value': 0, 'prev_value': None, 'change': True}
2026-05-25 12:38:52,953 : INFO : EventManager : Event: ======'machine_var_audits_switches_s_a_rollover'====== Args={'value': 232, 'prev_value': None, 'change': True}
2026-05-25 12:38:52,953 : INFO : EventManager : Event: ======'machine_var_audits_switches_s_b_rollover'====== Args={'value': 298, 'prev_value': None, 'change': True}
2026-05-25 12:38:52,953 : INFO : EventManager : Event: ======'machine_var_audits_switches_s_bottom_bumper'====== Args={'value': 112, 'prev_value': None, 'change': True}
2026-05-25 12:38:52,953 : INFO : EventManager : Event: ======'machine_var_audits_switches_s_bottom_bumper_spe'====== Args={'value': 56, 'prev_value': None, 'change': True}
2026-05-25 12:38:52,953 : INFO : EventManager : Event: ======'machine_var_audits_switches_s_c_rollover'====== Args={'value': 227, 'prev_value': None, 'change': True}
2026-05-25 12:38:52,953 : INFO : EventManager : Event: ======'machine_var_audits_switches_s_d_rollover'====== Args={'value': 68, 'prev_value': None, 'change': True}
2026-05-25 12:38:52,953 : INFO : EventManager : Event: ======'machine_var_audits_switches_s_e_rollover'====== Args={'value': 8, 'prev_value': None, 'change': True}
2026-05-25 12:38:52,953 : INFO : EventManager : Event: ======'machine_var_audits_switches_s_eject_hole'====== Args={'value': 38, 'prev_value': None, 'change': True}
2026-05-25 12:38:52,953 : INFO : EventManager : Event: ======'machine_var_audits_switches_s_g2_drop_target'====== Args={'value': 0, 'prev_value': None, 'change': True}
2026-05-25 12:38:52,953 : INFO : EventManager : Event: ======'machine_var_audits_switches_s_g_drop_target'====== Args={'value': 0, 'prev_value': None, 'change': True}
2026-05-25 12:38:52,953 : INFO : EventManager : Event: ======'machine_var_audits_switches_s_gar_drop_targets_series'====== Args={'value': 32, 'prev_value': None, 'change': True}
2026-05-25 12:38:52,953 : INFO : EventManager : Event: ======'machine_var_audits_switches_s_gar_drop_targets_standup'====== Args={'value': 4, 'prev_value': None, 'change': True}
2026-05-25 12:38:52,953 : INFO : EventManager : Event: ======'machine_var_audits_switches_s_gor_drop_target_Standup'====== Args={'value': 7, 'prev_value': None, 'change': True}
2026-05-25 12:38:52,953 : INFO : EventManager : Event: ======'machine_var_audits_switches_s_gor_drop_targets_series'====== Args={'value': 0, 'prev_value': None, 'change': True}
2026-05-25 12:38:52,959 : INFO : EventManager : Event: ======'machine_var_audits_switches_s_left_bumper'====== Args={'value': 124, 'prev_value': None, 'change': True}
2026-05-25 12:38:52,959 : INFO : EventManager : Event: ======'machine_var_audits_switches_s_left_bumper_spe'====== Args={'value': 64, 'prev_value': None, 'change': True}
2026-05-25 12:38:52,959 : INFO : EventManager : Event: ======'machine_var_audits_switches_s_left_flipper'====== Args={'value': 574, 'prev_value': None, 'change': True}
2026-05-25 12:38:52,959 : INFO : EventManager : Event: ======'machine_var_audits_switches_s_left_kicker'====== Args={'value': 63, 'prev_value': None, 'change': True}
2026-05-25 12:38:52,959 : INFO : EventManager : Event: ======'machine_var_audits_switches_s_left_outlane'====== Args={'value': 45, 'prev_value': None, 'change': True}
2026-05-25 12:38:52,959 : INFO : EventManager : Event: ======'machine_var_audits_switches_s_left_sling_spe'====== Args={'value': 43, 'prev_value': None, 'change': True}
2026-05-25 12:38:52,959 : INFO : EventManager : Event: ======'machine_var_audits_switches_s_lower_left_standup'====== Args={'value': 1, 'prev_value': None, 'change': True}
2026-05-25 12:38:52,959 : INFO : EventManager : Event: ======'machine_var_audits_switches_s_magnet_switch'====== Args={'value': 2, 'prev_value': None, 'change': True}
2026-05-25 12:38:52,959 : INFO : EventManager : Event: ======'machine_var_audits_switches_s_middle_left_standup'====== Args={'value': 0, 'prev_value': None, 'change': True}
2026-05-25 12:38:52,959 : INFO : EventManager : Event: ======'machine_var_audits_switches_s_middle_lower_standup'====== Args={'value': 8, 'prev_value': None, 'change': True}
2026-05-25 12:38:52,959 : INFO : EventManager : Event: ======'machine_var_audits_switches_s_middle_upper_standup'====== Args={'value': 1, 'prev_value': None, 'change': True}
2026-05-25 12:38:52,959 : INFO : EventManager : Event: ======'machine_var_audits_switches_s_o_drop_target'====== Args={'value': 0, 'prev_value': None, 'change': True}
2026-05-25 12:38:52,960 : INFO : EventManager : Event: ======'machine_var_audits_switches_s_outhole'====== Args={'value': 175, 'prev_value': None, 'change': True}
2026-05-25 12:38:52,960 : INFO : EventManager : Event: ======'machine_var_audits_switches_s_playfield_tilt'====== Args={'value': 0, 'prev_value': None, 'change': True}
2026-05-25 12:38:52,960 : INFO : EventManager : Event: ======'machine_var_audits_switches_s_r2_drop_target'====== Args={'value': 0, 'prev_value': None, 'change': True}
2026-05-25 12:38:52,960 : INFO : EventManager : Event: ======'machine_var_audits_switches_s_r_drop_target'====== Args={'value': 0, 'prev_value': None, 'change': True}
2026-05-25 12:38:52,960 : INFO : EventManager : Event: ======'machine_var_audits_switches_s_right_bumper_spe'====== Args={'value': 150, 'prev_value': None, 'change': True}
2026-05-25 12:38:52,960 : INFO : EventManager : Event: ======'machine_var_audits_switches_s_right_flipper'====== Args={'value': 496, 'prev_value': None, 'change': True}
2026-05-25 12:38:52,960 : INFO : EventManager : Event: ======'machine_var_audits_switches_s_right_kicker'====== Args={'value': 117, 'prev_value': None, 'change': True}
2026-05-25 12:38:52,960 : INFO : EventManager : Event: ======'machine_var_audits_switches_s_right_outlane'====== Args={'value': 28, 'prev_value': None, 'change': True}
2026-05-25 12:38:52,960 : INFO : EventManager : Event: ======'machine_var_audits_switches_s_right_sling_spe'====== Args={'value': 53, 'prev_value': None, 'change': True}
2026-05-25 12:38:52,960 : INFO : EventManager : Event: ======'machine_var_audits_switches_s_spinner'====== Args={'value': 28, 'prev_value': None, 'change': True}
2026-05-25 12:38:52,960 : INFO : EventManager : Event: ======'machine_var_audits_switches_s_startButton'====== Args={'value': 107, 'prev_value': None, 'change': True}
2026-05-25 12:38:52,960 : INFO : EventManager : Event: ======'machine_var_audits_switches_s_top_bumper'====== Args={'value': 112, 'prev_value': None, 'change': True}
2026-05-25 12:38:52,960 : INFO : EventManager : Event: ======'machine_var_audits_switches_s_upper_left_standup'====== Args={'value': 2, 'prev_value': None, 'change': True}
2026-05-25 12:38:52,960 : INFO : EventManager : Event: ======'machine_var_audits_switches_s_lock_2'====== Args={'value': 0, 'prev_value': None, 'change': True}
2026-05-25 12:38:52,960 : INFO : EventManager : Event: ======'machine_var_audits_switches_s_right_mini_target'====== Args={'value': 0, 'prev_value': None, 'change': True}
2026-05-25 12:38:52,960 : INFO : EventManager : Event: ======'machine_var_audits_switches_s_left_inlane'====== Args={'value': 0, 'prev_value': None, 'change': True}
2026-05-25 12:38:52,960 : INFO : EventManager : Event: ======'machine_var_audits_switches_s_ball_trough_3'====== Args={'value': 0, 'prev_value': None, 'change': True}
2026-05-25 12:38:52,961 : INFO : EventManager : Event: ======'machine_var_audits_switches_s_ramp_begin'====== Args={'value': 0, 'prev_value': None, 'change': True}
2026-05-25 12:38:52,961 : INFO : EventManager : Event: ======'machine_var_audits_switches_s_bank4_3'====== Args={'value': 0, 'prev_value': None, 'change': True}
2026-05-25 12:38:52,961 : INFO : EventManager : Event: ======'machine_var_audits_switches_s_right_inlane'====== Args={'value': 0, 'prev_value': None, 'change': True}
2026-05-25 12:38:52,961 : INFO : EventManager : Event: ======'machine_var_audits_switches_s_lock_3'====== Args={'value': 0, 'prev_value': None, 'change': True}
2026-05-25 12:38:52,961 : INFO : EventManager : Event: ======'machine_var_audits_switches_s_lock_1'====== Args={'value': 0, 'prev_value': None, 'change': True}
2026-05-25 12:38:52,961 : INFO : EventManager : Event: ======'machine_var_audits_switches_s_enter_button'====== Args={'value': 0, 'prev_value': None, 'change': True}
2026-05-25 12:38:52,961 : INFO : EventManager : Event: ======'machine_var_audits_switches_s_bank4_1'====== Args={'value': 0, 'prev_value': None, 'change': True}
2026-05-25 12:38:52,961 : INFO : EventManager : Event: ======'machine_var_audits_switches_s_left_EOS'====== Args={'value': 0, 'prev_value': None, 'change': True}
2026-05-25 12:38:52,961 : INFO : EventManager : Event: ======'machine_var_audits_switches_s_tilt'====== Args={'value': 0, 'prev_value': None, 'change': True}
2026-05-25 12:38:52,961 : INFO : EventManager : Event: ======'machine_var_audits_switches_s_plus_button'====== Args={'value': 0, 'prev_value': None, 'change': True}
2026-05-25 12:38:52,961 : INFO : EventManager : Event: ======'machine_var_audits_switches_s_setup_button'====== Args={'value': 0, 'prev_value': None, 'change': True}
2026-05-25 12:38:52,961 : INFO : EventManager : Event: ======'machine_var_audits_switches_s_bank3_2'====== Args={'value': 0, 'prev_value': None, 'change': True}
2026-05-25 12:38:52,961 : INFO : EventManager : Event: ======'machine_var_audits_switches_s_magnet_1'====== Args={'value': 0, 'prev_value': None, 'change': True}
2026-05-25 12:38:52,961 : INFO : EventManager : Event: ======'machine_var_audits_switches_s_left_orbit'====== Args={'value': 0, 'prev_value': None, 'change': True}
2026-05-25 12:38:52,961 : INFO : EventManager : Event: ======'machine_var_audits_switches_s_coin_mech'====== Args={'value': 0, 'prev_value': None, 'change': True}
2026-05-25 12:38:52,961 : INFO : EventManager : Event: ======'machine_var_audits_switches_s_slingshot_spe'====== Args={'value': 0, 'prev_value': None, 'change': True}
2026-05-25 12:38:52,961 : INFO : EventManager : Event: ======'machine_var_audits_switches_s_start_button'====== Args={'value': 0, 'prev_value': None, 'change': True}
2026-05-25 12:38:52,961 : INFO : EventManager : Event: ======'machine_var_audits_switches_s_right_orbit'====== Args={'value': 0, 'prev_value': None, 'change': True}
2026-05-25 12:38:52,962 : INFO : EventManager : Event: ======'machine_var_audits_switches_s_magnet_2'====== Args={'value': 0, 'prev_value': None, 'change': True}
2026-05-25 12:38:52,962 : INFO : EventManager : Event: ======'machine_var_audits_switches_s_bank3_1'====== Args={'value': 0, 'prev_value': None, 'change': True}
2026-05-25 12:38:52,962 : INFO : EventManager : Event: ======'machine_var_audits_switches_s_bumper_done'====== Args={'value': 0, 'prev_value': None, 'change': True}
2026-05-25 12:38:52,962 : INFO : EventManager : Event: ======'machine_var_audits_switches_s_left_mini_target'====== Args={'value': 0, 'prev_value': None, 'change': True}
2026-05-25 12:38:52,962 : INFO : EventManager : Event: ======'machine_var_audits_switches_s_right_EOS'====== Args={'value': 0, 'prev_value': None, 'change': True}
2026-05-25 12:38:52,962 : INFO : EventManager : Event: ======'machine_var_audits_switches_s_launch_button'====== Args={'value': 0, 'prev_value': None, 'change': True}
2026-05-25 12:38:52,962 : INFO : EventManager : Event: ======'machine_var_audits_switches_s_ball_trough_1'====== Args={'value': 0, 'prev_value': None, 'change': True}
2026-05-25 12:38:52,962 : INFO : EventManager : Event: ======'machine_var_audits_switches_s_bumper_spe'====== Args={'value': 0, 'prev_value': None, 'change': True}
2026-05-25 12:38:52,962 : INFO : EventManager : Event: ======'machine_var_audits_switches_s_red_monkey_target'====== Args={'value': 0, 'prev_value': None, 'change': True}
2026-05-25 12:38:52,962 : INFO : EventManager : Event: ======'machine_var_audits_switches_s_ball_trough_2'====== Args={'value': 0, 'prev_value': None, 'change': True}
2026-05-25 12:38:52,962 : INFO : EventManager : Event: ======'machine_var_audits_switches_s_ball_trough_jam'====== Args={'value': 0, 'prev_value': None, 'change': True}
2026-05-25 12:38:52,962 : INFO : EventManager : Event: ======'machine_var_audits_switches_s_slingshot_done'====== Args={'value': 0, 'prev_value': None, 'change': True}
2026-05-25 12:38:52,962 : INFO : EventManager : Event: ======'machine_var_audits_switches_s_bank4_2'====== Args={'value': 0, 'prev_value': None, 'change': True}
2026-05-25 12:38:52,962 : INFO : EventManager : Event: ======'machine_var_audits_switches_s_bank3_3'====== Args={'value': 0, 'prev_value': None, 'change': True}
2026-05-25 12:38:52,962 : INFO : EventManager : Event: ======'machine_var_audits_switches_s_minus_button'====== Args={'value': 0, 'prev_value': None, 'change': True}
2026-05-25 12:38:52,962 : INFO : EventManager : Event: ======'machine_var_audits_switches_s_bank4_4'====== Args={'value': 0, 'prev_value': None, 'change': True}
2026-05-25 12:38:52,963 : INFO : EventManager : Event: ======'init_phase_5'====== Args={}
2026-05-25 12:38:52,963 : INFO : EventManager : Event: ======'init_done'====== Args={}
2026-05-25 12:38:52,964 : INFO : EventManager : Event: ======'machine_reset_phase_1'====== Args={}
2026-05-25 12:38:52,989 : INFO : EventManager : Event: ======'machine_reset_phase_2'====== Args={}
2026-05-25 12:38:52,992 : INFO : EventManager : Event: ======'machine_reset_phase_3'====== Args={}
2026-05-25 12:38:52,993 : INFO : EventManager : Event: ======'reset_complete'====== Args={}
2026-05-25 12:38:52,993 : INFO : EventManager : Event: ======'mode_attract_will_start'====== Args={}
2026-05-25 12:38:52,995 : INFO : Timer.attract_carousel_timer : Starting Timer.
2026-05-25 12:38:52,996 : INFO : EventManager : Event: ======'timer_attract_carousel_timer_started'====== Args={'ticks': 0, 'ticks_remaining': 1}
2026-05-25 12:38:52,996 : INFO : EventManager : Event: ======'timer_attract_carousel_timer_tick'====== Args={'ticks': 0, 'ticks_remaining': 1}
2026-05-25 12:38:53,000 : INFO : EventManager : Event: ======'mode_attract_starting'====== Args={}
2026-05-25 12:38:53,000 : INFO : Mode.attract : Started. Priority: 10
2026-05-25 12:38:53,001 : INFO : EventManager : Event: ======'modes_active_modes_changed'====== Args={}
2026-05-25 12:38:53,001 : INFO : EventManager : Event: ======'mode_attract_started'====== Args={}
2026-05-25 12:38:53,005 : INFO : EventManager : Event: ======'collecting_balls_complete'====== Args={}
2026-05-25 12:38:53,007 : INFO : EventManager : Event: ======'carousel_item_highlighted'====== Args={'carousel': 'attract', 'direction': None, 'item': 'title'}
2026-05-25 12:38:53,011 : INFO : EventManager : Event: ======'timer_attract_carousel_timer_tick'====== Args={'ticks': 0, 'ticks_remaining': 1}
2026-05-25 12:38:53,011 : INFO : Machine : Starting the main run loop with active modes: [<Mode.attract>]
2026-05-25 12:38:53,064 : INFO : EventManager : Event: ======'slide_attract_created'====== Args={'_from_bcp': True}
2026-05-25 12:38:53,104 : INFO : EventManager : Event: ======'slide__removed'====== Args={'_from_bcp': True}
2026-05-25 12:38:53,104 : INFO : EventManager : Event: ======'slide_attract_active'====== Args={'original_context': 'attract', 'original_calling_context': 'mode_attract_started', 'priority': 10.0, 'cmd': 'slides_play', '_from_bcp': True}
2026-05-25 12:38:58,011 : INFO : Timer.attract_carousel_timer : Timer Complete
2026-05-25 12:38:58,011 : INFO : Timer.attract_carousel_timer : Stopping Timer
2026-05-25 12:38:58,012 : INFO : EventManager : Event: ======'timer_attract_carousel_timer_stopped'====== Args={'ticks': 1, 'ticks_remaining': 1}
2026-05-25 12:38:58,012 : INFO : EventManager : Event: ======'timer_attract_carousel_timer_complete'====== Args={'ticks': 1, 'ticks_remaining': 1}
2026-05-25 12:38:58,012 : INFO : EventManager : Event: ======'carousel_item_highlighted'====== Args={'carousel': 'attract', 'direction': 'forwards', 'item': 'credits'}
2026-05-25 12:38:58,012 : INFO : Timer.attract_carousel_timer : Starting Timer.
2026-05-25 12:38:58,012 : INFO : EventManager : Event: ======'timer_attract_carousel_timer_started'====== Args={'ticks': 0, 'ticks_remaining': 1}
2026-05-25 12:38:58,012 : INFO : EventManager : Event: ======'timer_attract_carousel_timer_tick'====== Args={'ticks': 0, 'ticks_remaining': 1}
2026-05-25 12:39:03,016 : INFO : Timer.attract_carousel_timer : Timer Complete
2026-05-25 12:39:03,016 : INFO : Timer.attract_carousel_timer : Stopping Timer
2026-05-25 12:39:03,016 : INFO : EventManager : Event: ======'timer_attract_carousel_timer_stopped'====== Args={'ticks': 1, 'ticks_remaining': 1}
2026-05-25 12:39:03,016 : INFO : EventManager : Event: ======'timer_attract_carousel_timer_complete'====== Args={'ticks': 1, 'ticks_remaining': 1}
2026-05-25 12:39:03,016 : INFO : EventManager : Event: ======'carousel_item_highlighted'====== Args={'carousel': 'attract', 'direction': 'forwards', 'item': 'mpf_logo'}
2026-05-25 12:39:03,017 : INFO : Timer.attract_carousel_timer : Starting Timer.
2026-05-25 12:39:03,017 : INFO : EventManager : Event: ======'timer_attract_carousel_timer_started'====== Args={'ticks': 0, 'ticks_remaining': 1}
2026-05-25 12:39:03,017 : INFO : EventManager : Event: ======'timer_attract_carousel_timer_tick'====== Args={'ticks': 0, 'ticks_remaining': 1}
2026-05-25 12:39:08,022 : INFO : Timer.attract_carousel_timer : Timer Complete
2026-05-25 12:39:08,022 : INFO : Timer.attract_carousel_timer : Stopping Timer
2026-05-25 12:39:08,022 : INFO : EventManager : Event: ======'timer_attract_carousel_timer_stopped'====== Args={'ticks': 1, 'ticks_remaining': 1}
2026-05-25 12:39:08,022 : INFO : EventManager : Event: ======'timer_attract_carousel_timer_complete'====== Args={'ticks': 1, 'ticks_remaining': 1}
2026-05-25 12:39:08,023 : INFO : EventManager : Event: ======'carousel_item_highlighted'====== Args={'carousel': 'attract', 'direction': 'forwards', 'item': 'title'}
2026-05-25 12:39:08,024 : INFO : Timer.attract_carousel_timer : Starting Timer.
2026-05-25 12:39:08,024 : INFO : EventManager : Event: ======'timer_attract_carousel_timer_started'====== Args={'ticks': 0, 'ticks_remaining': 1}
2026-05-25 12:39:08,024 : INFO : EventManager : Event: ======'timer_attract_carousel_timer_tick'====== Args={'ticks': 0, 'ticks_remaining': 1}
2026-05-25 12:39:09,158 : INFO : Machine : Shutting down...
2026-05-25 12:39:09,159 : INFO : EventManager : Event: ======'shutdown'====== Args={}
2026-05-25 12:39:09,167 : INFO : root : MPF run loop ended.
